Request: GET /tests/10/questions/4
Handler: QuestionsController#show
Parameters: {}
Response: 200 [text/html] questions/show.html.erb

Request: GET /tests/
Handler: QuestionsController#show
Parameters: {}
Response: 200 [text/html] questions/show.html.erb

Request: GET /tests/
Handler: QuestionsController#show
Parameters: {}
Response: 200 [text/html] questions/show.html.erb

Request: GET /tests/
Handler: QuestionsController#show
Parameters: {}
Response: 200 [text/html] questions/show.html.erb

Request: GET /tests/
Handler: QuestionsController#show
Parameters: {}
Response: 200 [text/html] questions/show.html.erb

Request: GET /tests/10
Handler: QuestionsController#show
Parameters: {}
Response: 200 [text/html] questions/show.html.erb

Request: GET /tests/5/questions/4
Handler: QuestionsController#show
Parameters: {}
Response: 200 [text/html] questions/show.html.erb

Request: GET /tests/5/questions/4
Handler: QuestionsController#show
Parameters: {}
Response: 200 [text/html] questions/show.html.erb

Request: GET /tests/5/
Handler: QuestionsController#show
Parameters: {}
Response: 200 [text/html] questions/show.html.erb

Request: GET /tests/5/
Handler: QuestionsController#show
Parameters: {}
Response: 200 [text/html] questions/show.html.erb

Request: GET /tests/
Handler: QuestionsController#show
Parameters: {}
Response: 200 [text/html] questions/show.html.erb

Request: GET /tests/
Handler: QuestionsController#show
Parameters: {}
Response: 200 [text/html] questions/show.html.erb

Request: GET /tests/
Handler: QuestionsController#show
Parameters: {}
Response: 200 [text/html] questions/show.html.erb

Request: GET /tests/
Handler: QuestionsController#show
Parameters: {}
Response: 200 [text/html] questions/show.html.erb

Request: GET /tests/
Handler: QuestionsController#show
Parameters: {}
Response: 200 [text/html] questions/show.html.erb

Request: GET /tests/
Handler: QuestionsController#show
Parameters: {}
Response: 200 [text/html] questions/show.html.erb

Request: GET /tests/
Handler: QuestionsController#show
Parameters: {}
Response: 200 [text/html] questions/show.html.erb

Request: GET /tests/
Handler: QuestionsController#show
Parameters: {}
Response: 200 [text/html] questions/show.html.erb

Request: GET /tests/
Handler: QuestionsController#show
Parameters: {}
Response: 200 [text/html] questions/show.html.erb

Request: GET /tests/
Handler: QuestionsController#show
Parameters: {}
Response: 200 [text/html] questions/show.html.erb

Request: GET /tests/89
Handler: QuestionsController#show
Parameters: {}
Response: 200 [text/html] questions/show.html.erb

Request: GET /tests/89
Handler: QuestionsController#show
Parameters: {}
Response: 200 [text/html] questions/show.html.erb

Request: GET /tests/89
Handler: QuestionsController#show
Parameters: {}
Response: 200 [text/html] questions/show.html.erb

Request: GET /tests/89
Handler: QuestionsController#show
Parameters: {}
Response: 200 [text/html] questions/show.html.erb

Request: GET /tests/89
Handler: TestsController#show
Parameters: {}
Response: 200 [text/html] tests/show.html.erb

Request: GET /tests/78/questions/10
Handler: QuestionsController#show
Parameters: {}
Response: 200 [text/html] questions/show.html.erb

Request: GET /tests/78/questions/10
Handler: QuestionsController#show
Parameters: {}
Response: 200 [text/html] questions/show.html.erb

Request: GET /tests/78/
Handler: TestsController#show
Parameters: {}
Response: 200 [text/html] tests/show.html.erb

Request: GET /tests
Handler: TestsController#index
Parameters: {}
Response: 200 [text/plain] tests/index.html.erb

Request: GET /tests
Handler: TestsController#index
Parameters: {}
Response: 200 [text/plain] tests/index.html.erb

Request: GET /tests/90
Handler: TestsController#show
Parameters: {}
Response: 200 [text/html] tests/show.html.erb

Request: GET /tests/90/questions/3
Handler: QuestionsController#show
Parameters: {}
Response: 200 [text/html] questions/show.html.erb

Request: GET /tests/90/questions/3/hello+world
Handler: QuestionsController#show
Parameters: {}
Response: 200 [text/html] questions/show.html.erb

Request: GET /tests/90/questions/3/hello+world
Handler: QuestionsController#show
Parameters: {}
Response: 200 [text/html] questions/show.html.erb

Request: GET /tests/90/questions/3/hello+world
Handler: QuestionsController#show
Parameters: {}
Response: 200 [text/html] questions/show.html.erb

Request: GET /tests/
Handler: TestsController#index
Parameters: {}
Response: 200 [text/plain] tests/index.html.erb

Request: GET /tests/10
Handler: TestsController#show
Parameters: {}
Response: 200 [text/html] tests/show.html.erb

Request: GET /tests/10/questions/8
Handler: QuestionsController#show
Parameters: {}
Response: 200 [text/html] questions/show.html.erb

